<?xml version="1.0" encoding="UTF-8"?>
<testsuite name="PatternMatcherTest" tests="1" skipped="0" failures="0" errors="0" timestamp="2023-08-29T15:51:31" hostname="ChunM1Pro.local" time="0.008">
  <properties/>
  <testcase name="ignorePatternMatcher()" classname="PatternMatcherTest" time="0.008"/>
  <system-out><![CDATA[]]></system-out>
  <system-err><![CDATA[]]></system-err>
</testsuite>
